-------------------------------------------------------------------------------
Test set: parallelExecution.ParallelRun
-------------------------------------------------------------------------------
Tests run: 3, Failures: 3, Errors: 0, Skipped: 0, Time elapsed: 30.062 s <<< FAILURE! - in parallelExecution.ParallelRun
runScenario(parallelExecution.ParallelRun)  Time elapsed: 26.421 s  <<< FAILURE!
org.openqa.selenium.WebDriverException: 
A command failed due to an internal error: The remote session was terminated.
Build info: version: '3.141.59', revision: 'e82be7d358', time: '2018-11-14T08:17:03'
System info: host: 'Pratiks-MacBook-Pro.local', ip: '2605:8d80:681:714e:536:6d4c:1a46:e44e%en0', os.name: 'Mac OS X', os.arch: 'aarch64', os.version: '13.5.1', java.version: '11.0.19'
Driver info: driver.version: SafariDriver
remote stacktrace: 

runScenario(parallelExecution.ParallelRun)  Time elapsed: 26.421 s  <<< FAILURE!
org.openqa.selenium.SessionNotCreatedException: 
Could not create a session: The automation session ended unexpected while attempting to pair with it.
Build info: version: '3.141.59', revision: 'e82be7d358', time: '2018-11-14T08:17:03'
System info: host: 'Pratiks-MacBook-Pro.local', ip: '2605:8d80:681:714e:536:6d4c:1a46:e44e%en0', os.name: 'Mac OS X', os.arch: 'aarch64', os.version: '13.5.1', java.version: '11.0.19'
Driver info: driver.version: SafariDriver
remote stacktrace: 

runScenario(parallelExecution.ParallelRun)  Time elapsed: 26.421 s  <<< FAILURE!
org.openqa.selenium.SessionNotCreatedException: 
Could not create a session: The automation session ended unexpected while attempting to pair with it.
Build info: version: '3.141.59', revision: 'e82be7d358', time: '2018-11-14T08:17:03'
System info: host: 'Pratiks-MacBook-Pro.local', ip: '2605:8d80:681:714e:536:6d4c:1a46:e44e%en0', os.name: 'Mac OS X', os.arch: 'aarch64', os.version: '13.5.1', java.version: '11.0.19'
Driver info: driver.version: SafariDriver
remote stacktrace: 

