-------------------------------------------------------------------------------
Test set: parallelExecution.ParallelRun
-------------------------------------------------------------------------------
Tests run: 3, Failures: 2, Errors: 0, Skipped: 0, Time elapsed: 26.14 s <<< FAILURE! - in parallelExecution.ParallelRun
runScenario(parallelExecution.ParallelRun)  Time elapsed: 14.858 s  <<< FAILURE!
org.openqa.selenium.NoSuchElementException: 
no such element: Unable to locate element: {"method":"xpath","selector":"//span[text()='Deas']"}
  (Session info: headless chrome=117.0.5938.92)
For documentation on this error, please visit: https://www.seleniumhq.org/exceptions/no_such_element.html
Build info: version: '3.141.59', revision: 'e82be7d358', time: '2018-11-14T08:17:03'
System info: host: 'Pratiks-MBP', ip: 'fe80:0:0:0:486:31d8:699c:1942%en0', os.name: 'Mac OS X', os.arch: 'aarch64', os.version: '14.0', java.version: '17.0.8'
Driver info: org.openqa.selenium.chrome.ChromeDriver
Capabilities {acceptInsecureCerts: false, browserName: chrome, browserVersion: 117.0.5938.92, chrome: {chromedriverVersion: 117.0.5938.92 (67649b10b92b..., userDataDir: /var/folders/kl/x7sg3c3s7w5...}, fedcm:accounts: true, goog:chromeOptions: {debuggerAddress: localhost:50565}, javascriptEnabled: true, networkConnectionEnabled: false, pageLoadStrategy: normal, platform: MAC, platformName: MAC, proxy: Proxy(), setWindowRect: true, strictFileInteractability: false, timeouts: {implicit: 0, pageLoad: 300000, script: 30000}, unhandledPromptBehavior: dismiss and notify, webauthn:extension:credBlob: true, webauthn:extension:largeBlob: true, webauthn:extension:minPinLength: true, webauthn:extension:prf: true, webauthn:virtualAuthenticators: true}
Session ID: 82fe00f22d6c6a9aeee2e12418197693
*** Element info: {Using=xpath, value=//span[text()='Deas']}

runScenario(parallelExecution.ParallelRun)  Time elapsed: 20.843 s  <<< FAILURE!
org.openqa.selenium.NoSuchElementException: 
no such element: Unable to locate element: {"method":"xpath","selector":"//span[contains(text(),'Contacs')]"}
  (Session info: headless chrome=117.0.5938.92)
For documentation on this error, please visit: https://www.seleniumhq.org/exceptions/no_such_element.html
Build info: version: '3.141.59', revision: 'e82be7d358', time: '2018-11-14T08:17:03'
System info: host: 'Pratiks-MBP', ip: 'fe80:0:0:0:486:31d8:699c:1942%en0', os.name: 'Mac OS X', os.arch: 'aarch64', os.version: '14.0', java.version: '17.0.8'
Driver info: org.openqa.selenium.chrome.ChromeDriver
Capabilities {acceptInsecureCerts: false, browserName: chrome, browserVersion: 117.0.5938.92, chrome: {chromedriverVersion: 117.0.5938.92 (67649b10b92b..., userDataDir: /var/folders/kl/x7sg3c3s7w5...}, fedcm:accounts: true, goog:chromeOptions: {debuggerAddress: localhost:50566}, javascriptEnabled: true, networkConnectionEnabled: false, pageLoadStrategy: normal, platform: MAC, platformName: MAC, proxy: Proxy(), setWindowRect: true, strictFileInteractability: false, timeouts: {implicit: 0, pageLoad: 300000, script: 30000}, unhandledPromptBehavior: dismiss and notify, webauthn:extension:credBlob: true, webauthn:extension:largeBlob: true, webauthn:extension:minPinLength: true, webauthn:extension:prf: true, webauthn:virtualAuthenticators: true}
Session ID: 4616621672f6b043bbef72bc32bf6d35
*** Element info: {Using=xpath, value=//span[contains(text(),'Contacs')]}

