-------------------------------------------------------------------------------
Test set: parallelExecution.ParallelRun
-------------------------------------------------------------------------------
Tests run: 3, Failures: 2, Errors: 0, Skipped: 0, Time elapsed: 26.222 s <<< FAILURE! - in parallelExecution.ParallelRun
runScenario(parallelExecution.ParallelRun)  Time elapsed: 15.168 s  <<< FAILURE!
org.openqa.selenium.NoSuchElementException: 
no such element: Unable to locate element: {"method":"xpath","selector":"//span[text()='Deas']"}
  (Session info: headless chrome=116.0.5845.179)
For documentation on this error, please visit: https://www.seleniumhq.org/exceptions/no_such_element.html
Build info: version: '3.141.59', revision: 'e82be7d358', time: '2018-11-14T08:17:03'
System info: host: 'Pratiks-MBP', ip: 'fe80:0:0:0:101c:8389:5eb:640e%en0', os.name: 'Mac OS X', os.arch: 'aarch64', os.version: '13.5.2', java.version: '11.0.19'
Driver info: org.openqa.selenium.chrome.ChromeDriver
Capabilities {acceptInsecureCerts: false, browserName: chrome, browserVersion: 116.0.5845.179, chrome: {chromedriverVersion: 116.0.5845.96 (1a3918166880..., userDataDir: /var/folders/kl/x7sg3c3s7w5...}, fedcm:accounts: true, goog:chromeOptions: {debuggerAddress: localhost:51928}, javascriptEnabled: true, networkConnectionEnabled: false, pageLoadStrategy: normal, platform: MAC, platformName: MAC, proxy: Proxy(), setWindowRect: true, strictFileInteractability: false, timeouts: {implicit: 0, pageLoad: 300000, script: 30000}, unhandledPromptBehavior: dismiss and notify, webauthn:extension:credBlob: true, webauthn:extension:largeBlob: true, webauthn:extension:minPinLength: true, webauthn:extension:prf: true, webauthn:virtualAuthenticators: true}
Session ID: 1cd456f7d885334db8b92e0009cdfa58
*** Element info: {Using=xpath, value=//span[text()='Deas']}

runScenario(parallelExecution.ParallelRun)  Time elapsed: 20.804 s  <<< FAILURE!
org.openqa.selenium.NoSuchElementException: 
no such element: Unable to locate element: {"method":"xpath","selector":"//span[contains(text(),'Contacs')]"}
  (Session info: headless chrome=116.0.5845.179)
For documentation on this error, please visit: https://www.seleniumhq.org/exceptions/no_such_element.html
Build info: version: '3.141.59', revision: 'e82be7d358', time: '2018-11-14T08:17:03'
System info: host: 'Pratiks-MBP', ip: 'fe80:0:0:0:101c:8389:5eb:640e%en0', os.name: 'Mac OS X', os.arch: 'aarch64', os.version: '13.5.2', java.version: '11.0.19'
Driver info: org.openqa.selenium.chrome.ChromeDriver
Capabilities {acceptInsecureCerts: false, browserName: chrome, browserVersion: 116.0.5845.179, chrome: {chromedriverVersion: 116.0.5845.96 (1a3918166880..., userDataDir: /var/folders/kl/x7sg3c3s7w5...}, fedcm:accounts: true, goog:chromeOptions: {debuggerAddress: localhost:51930}, javascriptEnabled: true, networkConnectionEnabled: false, pageLoadStrategy: normal, platform: MAC, platformName: MAC, proxy: Proxy(), setWindowRect: true, strictFileInteractability: false, timeouts: {implicit: 0, pageLoad: 300000, script: 30000}, unhandledPromptBehavior: dismiss and notify, webauthn:extension:credBlob: true, webauthn:extension:largeBlob: true, webauthn:extension:minPinLength: true, webauthn:extension:prf: true, webauthn:virtualAuthenticators: true}
Session ID: e628ef16edc438ae531211115c52e118
*** Element info: {Using=xpath, value=//span[contains(text(),'Contacs')]}

