<?xml version="1.0" encoding="UTF-8"?>
<testng-results ignored="0" total="3" passed="0" failed="3" skipped="0">
  <reporter-output>
  </reporter-output>
  <suite started-at="2023-09-06T22:09:10Z" name="Surefire suite" finished-at="2023-09-06T22:09:40Z" duration-ms="29945">
    <groups>
      <group name="cucumber">
        <method signature="AbstractTestNGCucumberTests.runScenario(io.cucumber.testng.PickleWrapper, io.cucumber.testng.FeatureWrapper)[pri:0, instance:parallelExecution.ParallelRun@4567f35d]" name="runScenario" class="io.cucumber.testng.AbstractTestNGCucumberTests"/>
      </group> <!-- cucumber -->
    </groups>
    <test started-at="2023-09-06T22:09:10Z" name="Surefire test" finished-at="2023-09-06T22:09:40Z" duration-ms="29945">
      <class name="parallelExecution.ParallelRun">
        <test-method is-config="true" signature="setUpClass()[pri:0, instance:parallelExecution.ParallelRun@4567f35d]" started-at="2023-09-06T22:09:10Z" name="setUpClass" finished-at="2023-09-06T22:09:10Z" duration-ms="305" status="PASS">
          <reporter-output>
          </reporter-output>
        </test-method> <!-- setUpClass -->
        <test-method signature="runScenario(io.cucumber.testng.PickleWrapper, io.cucumber.testng.FeatureWrapper)[pri:0, instance:parallelExecution.ParallelRun@4567f35d]" started-at="2023-09-06T22:09:10Z" name="runScenario" description="Runs Cucumber Scenarios" data-provider="scenarios" finished-at="2023-09-06T22:09:37Z" duration-ms="26416" status="FAIL">
          <params>
            <param index="0">
              <value>
                <![CDATA["login into crm account"]]>
              </value>
            </param>
            <param index="1">
              <value>
                <![CDATA["Optional[Crm login]"]]>
              </value>
            </param>
          </params>
          <exception class="org.openqa.selenium.WebDriverException">
            <message>
              <![CDATA[A command failed due to an internal error: The remote session was terminated.
Build info: version: '3.141.59', revision: 'e82be7d358', time: '2018-11-14T08:17:03'
System info: host: 'Pratiks-MacBook-Pro.local', ip: '2605:8d80:681:714e:536:6d4c:1a46:e44e%en0', os.name: 'Mac OS X', os.arch: 'aarch64', os.version: '13.5.1', java.version: '11.0.19'
Driver info: driver.version: SafariDriver
remote stacktrace: ]]>
            </message>
            <full-stacktrace>
              <![CDATA[org.openqa.selenium.WebDriverException: A command failed due to an internal error: The remote session was terminated.
Build info: version: '3.141.59', revision: 'e82be7d358', time: '2018-11-14T08:17:03'
System info: host: 'Pratiks-MacBook-Pro.local', ip: '2605:8d80:681:714e:536:6d4c:1a46:e44e%en0', os.name: 'Mac OS X', os.arch: 'aarch64', os.version: '13.5.1', java.version: '11.0.19'
Driver info: driver.version: SafariDriver
remote stacktrace: 
at java.base/jdk.internal.reflect.NativeConstructorAccessorImpl.newInstance0(Native Method)
at java.base/jdk.internal.reflect.NativeConstructorAccessorImpl.newInstance(NativeConstructorAccessorImpl.java:62)
at java.base/jdk.internal.reflect.DelegatingConstructorAccessorImpl.newInstance(DelegatingConstructorAccessorImpl.java:45)
at java.base/java.lang.reflect.Constructor.newInstance(Constructor.java:490)
at org.openqa.selenium.remote.W3CHandshakeResponse.lambda$errorHandler$0(W3CHandshakeResponse.java:62)
at org.openqa.selenium.remote.HandshakeResponse.lambda$getResponseFunction$0(HandshakeResponse.java:30)
at org.openqa.selenium.remote.ProtocolHandshake.lambda$createSession$0(ProtocolHandshake.java:126)
at java.base/java.util.stream.ReferencePipeline$3$1.accept(ReferencePipeline.java:195)
at java.base/java.util.Spliterators$ArraySpliterator.tryAdvance(Spliterators.java:958)
at java.base/java.util.stream.ReferencePipeline.forEachWithCancel(ReferencePipeline.java:127)
at java.base/java.util.stream.AbstractPipeline.copyIntoWithCancel(AbstractPipeline.java:502)
at java.base/java.util.stream.AbstractPipeline.copyInto(AbstractPipeline.java:488)
at java.base/java.util.stream.AbstractPipeline.wrapAndCopyInto(AbstractPipeline.java:474)
at java.base/java.util.stream.FindOps$FindOp.evaluateSequential(FindOps.java:150)
at java.base/java.util.stream.AbstractPipeline.evaluate(AbstractPipeline.java:234)
at java.base/java.util.stream.ReferencePipeline.findFirst(ReferencePipeline.java:543)
at org.openqa.selenium.remote.ProtocolHandshake.createSession(ProtocolHandshake.java:128)
at org.openqa.selenium.remote.ProtocolHandshake.createSession(ProtocolHandshake.java:74)
at org.openqa.selenium.remote.HttpCommandExecutor.execute(HttpCommandExecutor.java:136)
at org.openqa.selenium.remote.service.DriverCommandExecutor.execute(DriverCommandExecutor.java:83)
at org.openqa.selenium.remote.RemoteWebDriver.execute(RemoteWebDriver.java:552)
at org.openqa.selenium.remote.RemoteWebDriver.startSession(RemoteWebDriver.java:213)
at org.openqa.selenium.remote.RemoteWebDriver.<init>(RemoteWebDriver.java:131)
at org.openqa.selenium.safari.SafariDriver.<init>(SafariDriver.java:81)
at org.openqa.selenium.safari.SafariDriver.<init>(SafariDriver.java:63)
at org.openqa.selenium.safari.SafariDriver.<init>(SafariDriver.java:41)
at com.base.BaseClass.init_driver(BaseClass.java:97)
at parallelExecution.Hooks.launchBrowser(Hooks.java:41)
]]>
            </full-stacktrace>
          </exception> <!-- org.openqa.selenium.WebDriverException -->
          <reporter-output>
          </reporter-output>
        </test-method> <!-- runScenario -->
        <test-method signature="runScenario(io.cucumber.testng.PickleWrapper, io.cucumber.testng.FeatureWrapper)[pri:0, instance:parallelExecution.ParallelRun@4567f35d]" started-at="2023-09-06T22:09:10Z" name="runScenario" description="Runs Cucumber Scenarios" data-provider="scenarios" finished-at="2023-09-06T22:09:37Z" duration-ms="26416" status="FAIL">
          <params>
            <param index="0">
              <value>
                <![CDATA["test deals page"]]>
              </value>
            </param>
            <param index="1">
              <value>
                <![CDATA["Optional[test afterSignInPage]"]]>
              </value>
            </param>
          </params>
          <exception class="org.openqa.selenium.SessionNotCreatedException">
            <message>
              <![CDATA[Could not create a session: The automation session ended unexpected while attempting to pair with it.
Build info: version: '3.141.59', revision: 'e82be7d358', time: '2018-11-14T08:17:03'
System info: host: 'Pratiks-MacBook-Pro.local', ip: '2605:8d80:681:714e:536:6d4c:1a46:e44e%en0', os.name: 'Mac OS X', os.arch: 'aarch64', os.version: '13.5.1', java.version: '11.0.19'
Driver info: driver.version: SafariDriver
remote stacktrace: ]]>
            </message>
            <full-stacktrace>
              <![CDATA[org.openqa.selenium.SessionNotCreatedException: Could not create a session: The automation session ended unexpected while attempting to pair with it.
Build info: version: '3.141.59', revision: 'e82be7d358', time: '2018-11-14T08:17:03'
System info: host: 'Pratiks-MacBook-Pro.local', ip: '2605:8d80:681:714e:536:6d4c:1a46:e44e%en0', os.name: 'Mac OS X', os.arch: 'aarch64', os.version: '13.5.1', java.version: '11.0.19'
Driver info: driver.version: SafariDriver
remote stacktrace: 
at java.base/jdk.internal.reflect.NativeConstructorAccessorImpl.newInstance0(Native Method)
at java.base/jdk.internal.reflect.NativeConstructorAccessorImpl.newInstance(NativeConstructorAccessorImpl.java:62)
at java.base/jdk.internal.reflect.DelegatingConstructorAccessorImpl.newInstance(DelegatingConstructorAccessorImpl.java:45)
at java.base/java.lang.reflect.Constructor.newInstance(Constructor.java:490)
at org.openqa.selenium.remote.W3CHandshakeResponse.lambda$errorHandler$0(W3CHandshakeResponse.java:62)
at org.openqa.selenium.remote.HandshakeResponse.lambda$getResponseFunction$0(HandshakeResponse.java:30)
at org.openqa.selenium.remote.ProtocolHandshake.lambda$createSession$0(ProtocolHandshake.java:126)
at java.base/java.util.stream.ReferencePipeline$3$1.accept(ReferencePipeline.java:195)
at java.base/java.util.Spliterators$ArraySpliterator.tryAdvance(Spliterators.java:958)
at java.base/java.util.stream.ReferencePipeline.forEachWithCancel(ReferencePipeline.java:127)
at java.base/java.util.stream.AbstractPipeline.copyIntoWithCancel(AbstractPipeline.java:502)
at java.base/java.util.stream.AbstractPipeline.copyInto(AbstractPipeline.java:488)
at java.base/java.util.stream.AbstractPipeline.wrapAndCopyInto(AbstractPipeline.java:474)
at java.base/java.util.stream.FindOps$FindOp.evaluateSequential(FindOps.java:150)
at java.base/java.util.stream.AbstractPipeline.evaluate(AbstractPipeline.java:234)
at java.base/java.util.stream.ReferencePipeline.findFirst(ReferencePipeline.java:543)
at org.openqa.selenium.remote.ProtocolHandshake.createSession(ProtocolHandshake.java:128)
at org.openqa.selenium.remote.ProtocolHandshake.createSession(ProtocolHandshake.java:74)
at org.openqa.selenium.remote.HttpCommandExecutor.execute(HttpCommandExecutor.java:136)
at org.openqa.selenium.remote.service.DriverCommandExecutor.execute(DriverCommandExecutor.java:83)
at org.openqa.selenium.remote.RemoteWebDriver.execute(RemoteWebDriver.java:552)
at org.openqa.selenium.remote.RemoteWebDriver.startSession(RemoteWebDriver.java:213)
at org.openqa.selenium.remote.RemoteWebDriver.<init>(RemoteWebDriver.java:131)
at org.openqa.selenium.safari.SafariDriver.<init>(SafariDriver.java:81)
at org.openqa.selenium.safari.SafariDriver.<init>(SafariDriver.java:63)
at org.openqa.selenium.safari.SafariDriver.<init>(SafariDriver.java:41)
at com.base.BaseClass.init_driver(BaseClass.java:97)
at parallelExecution.Hooks.launchBrowser(Hooks.java:41)
]]>
            </full-stacktrace>
          </exception> <!-- org.openqa.selenium.SessionNotCreatedException -->
          <reporter-output>
          </reporter-output>
        </test-method> <!-- runScenario -->
        <test-method signature="runScenario(io.cucumber.testng.PickleWrapper, io.cucumber.testng.FeatureWrapper)[pri:0, instance:parallelExecution.ParallelRun@4567f35d]" started-at="2023-09-06T22:09:10Z" name="runScenario" description="Runs Cucumber Scenarios" data-provider="scenarios" finished-at="2023-09-06T22:09:37Z" duration-ms="26416" status="FAIL">
          <params>
            <param index="0">
              <value>
                <![CDATA["test contacts page"]]>
              </value>
            </param>
            <param index="1">
              <value>
                <![CDATA["Optional[test afterSignInPage]"]]>
              </value>
            </param>
          </params>
          <exception class="org.openqa.selenium.SessionNotCreatedException">
            <message>
              <![CDATA[Could not create a session: The automation session ended unexpected while attempting to pair with it.
Build info: version: '3.141.59', revision: 'e82be7d358', time: '2018-11-14T08:17:03'
System info: host: 'Pratiks-MacBook-Pro.local', ip: '2605:8d80:681:714e:536:6d4c:1a46:e44e%en0', os.name: 'Mac OS X', os.arch: 'aarch64', os.version: '13.5.1', java.version: '11.0.19'
Driver info: driver.version: SafariDriver
remote stacktrace: ]]>
            </message>
            <full-stacktrace>
              <![CDATA[org.openqa.selenium.SessionNotCreatedException: Could not create a session: The automation session ended unexpected while attempting to pair with it.
Build info: version: '3.141.59', revision: 'e82be7d358', time: '2018-11-14T08:17:03'
System info: host: 'Pratiks-MacBook-Pro.local', ip: '2605:8d80:681:714e:536:6d4c:1a46:e44e%en0', os.name: 'Mac OS X', os.arch: 'aarch64', os.version: '13.5.1', java.version: '11.0.19'
Driver info: driver.version: SafariDriver
remote stacktrace: 
at java.base/jdk.internal.reflect.NativeConstructorAccessorImpl.newInstance0(Native Method)
at java.base/jdk.internal.reflect.NativeConstructorAccessorImpl.newInstance(NativeConstructorAccessorImpl.java:62)
at java.base/jdk.internal.reflect.DelegatingConstructorAccessorImpl.newInstance(DelegatingConstructorAccessorImpl.java:45)
at java.base/java.lang.reflect.Constructor.newInstance(Constructor.java:490)
at org.openqa.selenium.remote.W3CHandshakeResponse.lambda$errorHandler$0(W3CHandshakeResponse.java:62)
at org.openqa.selenium.remote.HandshakeResponse.lambda$getResponseFunction$0(HandshakeResponse.java:30)
at org.openqa.selenium.remote.ProtocolHandshake.lambda$createSession$0(ProtocolHandshake.java:126)
at java.base/java.util.stream.ReferencePipeline$3$1.accept(ReferencePipeline.java:195)
at java.base/java.util.Spliterators$ArraySpliterator.tryAdvance(Spliterators.java:958)
at java.base/java.util.stream.ReferencePipeline.forEachWithCancel(ReferencePipeline.java:127)
at java.base/java.util.stream.AbstractPipeline.copyIntoWithCancel(AbstractPipeline.java:502)
at java.base/java.util.stream.AbstractPipeline.copyInto(AbstractPipeline.java:488)
at java.base/java.util.stream.AbstractPipeline.wrapAndCopyInto(AbstractPipeline.java:474)
at java.base/java.util.stream.FindOps$FindOp.evaluateSequential(FindOps.java:150)
at java.base/java.util.stream.AbstractPipeline.evaluate(AbstractPipeline.java:234)
at java.base/java.util.stream.ReferencePipeline.findFirst(ReferencePipeline.java:543)
at org.openqa.selenium.remote.ProtocolHandshake.createSession(ProtocolHandshake.java:128)
at org.openqa.selenium.remote.ProtocolHandshake.createSession(ProtocolHandshake.java:74)
at org.openqa.selenium.remote.HttpCommandExecutor.execute(HttpCommandExecutor.java:136)
at org.openqa.selenium.remote.service.DriverCommandExecutor.execute(DriverCommandExecutor.java:83)
at org.openqa.selenium.remote.RemoteWebDriver.execute(RemoteWebDriver.java:552)
at org.openqa.selenium.remote.RemoteWebDriver.startSession(RemoteWebDriver.java:213)
at org.openqa.selenium.remote.RemoteWebDriver.<init>(RemoteWebDriver.java:131)
at org.openqa.selenium.safari.SafariDriver.<init>(SafariDriver.java:81)
at org.openqa.selenium.safari.SafariDriver.<init>(SafariDriver.java:63)
at org.openqa.selenium.safari.SafariDriver.<init>(SafariDriver.java:41)
at com.base.BaseClass.init_driver(BaseClass.java:97)
at parallelExecution.Hooks.launchBrowser(Hooks.java:41)
]]>
            </full-stacktrace>
          </exception> <!-- org.openqa.selenium.SessionNotCreatedException -->
          <reporter-output>
          </reporter-output>
        </test-method> <!-- runScenario -->
        <test-method is-config="true" signature="tearDownClass()[pri:0, instance:parallelExecution.ParallelRun@4567f35d]" started-at="2023-09-06T22:09:37Z" name="tearDownClass" finished-at="2023-09-06T22:09:40Z" duration-ms="3210" status="PASS">
          <reporter-output>
          </reporter-output>
        </test-method> <!-- tearDownClass -->
      </class> <!-- parallelExecution.ParallelRun -->
    </test> <!-- Surefire test -->
  </suite> <!-- Surefire suite -->
</testng-results>
