<?xml version="1.0" encoding="UTF-8"?>
<testng-results ignored="0" total="1" passed="1" failed="0" skipped="0">
  <reporter-output>
  </reporter-output>
  <suite started-at="2023-09-09T06:12:03Z" name="Surefire suite" finished-at="2023-09-09T06:12:10Z" duration-ms="6869">
    <groups>
      <group name="cucumber">
        <method signature="AbstractTestNGCucumberTests.runScenario(io.cucumber.testng.PickleWrapper, io.cucumber.testng.FeatureWrapper)[pri:0, instance:parallelExecution.ParallelRun@4567f35d]" name="runScenario" class="io.cucumber.testng.AbstractTestNGCucumberTests"/>
      </group> <!-- cucumber -->
    </groups>
    <test started-at="2023-09-09T06:12:03Z" name="Surefire test" finished-at="2023-09-09T06:12:10Z" duration-ms="6869">
      <class name="parallelExecution.ParallelRun">
        <test-method is-config="true" signature="setUpClass()[pri:0, instance:parallelExecution.ParallelRun@4567f35d]" started-at="2023-09-09T06:12:03Z" name="setUpClass" finished-at="2023-09-09T06:12:03Z" duration-ms="315" status="PASS">
          <reporter-output>
          </reporter-output>
        </test-method> <!-- setUpClass -->
        <test-method signature="runScenario(io.cucumber.testng.PickleWrapper, io.cucumber.testng.FeatureWrapper)[pri:0, instance:parallelExecution.ParallelRun@4567f35d]" started-at="2023-09-09T06:12:03Z" name="runScenario" description="Runs Cucumber Scenarios" data-provider="scenarios" finished-at="2023-09-09T06:12:07Z" duration-ms="3894" status="PASS">
          <params>
            <param index="0">
              <value>
                <![CDATA["login into crm account"]]>
              </value>
            </param>
            <param index="1">
              <value>
                <![CDATA["Optional[Crm login]"]]>
              </value>
            </param>
          </params>
          <reporter-output>
          </reporter-output>
        </test-method> <!-- runScenario -->
        <test-method is-config="true" signature="tearDownClass()[pri:0, instance:parallelExecution.ParallelRun@4567f35d]" started-at="2023-09-09T06:12:07Z" name="tearDownClass" finished-at="2023-09-09T06:12:10Z" duration-ms="2651" status="PASS">
          <reporter-output>
          </reporter-output>
        </test-method> <!-- tearDownClass -->
      </class> <!-- parallelExecution.ParallelRun -->
    </test> <!-- Surefire test -->
  </suite> <!-- Surefire suite -->
</testng-results>
