<?xml version="1.0" encoding="UTF-8"?>
<testng-results ignored="0" total="0" passed="0" failed="0" skipped="0">
  <reporter-output>
  </reporter-output>
  <suite started-at="2023-08-31T12:36:33 EDT" name="Surefire suite" finished-at="2023-08-31T12:36:34 EDT" duration-ms="1559">
    <groups>
      <group name="cucumber">
        <method signature="AbstractTestNGCucumberTests.runScenario(io.cucumber.testng.PickleWrapper, io.cucumber.testng.FeatureWrapper)[pri:0, instance:parallelExecution.FailedTests@4c178a76]" name="runScenario" class="io.cucumber.testng.AbstractTestNGCucumberTests"/>
      </group> <!-- cucumber -->
    </groups>
    <test started-at="2023-08-31T12:36:33 EDT" name="Surefire test" finished-at="2023-08-31T12:36:34 EDT" duration-ms="1559">
      <class name="parallelExecution.FailedTests">
        <test-method is-config="true" signature="setUpClass()[pri:0, instance:parallelExecution.FailedTests@4c178a76]" started-at="2023-08-31T12:36:33 EDT" name="setUpClass" finished-at="2023-08-31T12:36:33 EDT" duration-ms="247" status="PASS">
          <reporter-output>
          </reporter-output>
        </test-method> <!-- setUpClass -->
        <test-method is-config="true" signature="tearDownClass()[pri:0, instance:parallelExecution.FailedTests@4c178a76]" started-at="2023-08-31T12:36:33 EDT" name="tearDownClass" finished-at="2023-08-31T12:36:34 EDT" duration-ms="1302" status="PASS">
          <reporter-output>
          </reporter-output>
        </test-method> <!-- tearDownClass -->
      </class> <!-- parallelExecution.FailedTests -->
    </test> <!-- Surefire test -->
  </suite> <!-- Surefire suite -->
</testng-results>
