<?xml version="1.0" encoding="UTF-8"?>
<testng-results ignored="0" total="3" passed="3" failed="0" skipped="0">
  <reporter-output>
  </reporter-output>
  <suite started-at="2023-09-01T20:49:55Z" name="Surefire suite" finished-at="2023-09-01T20:50:19Z" duration-ms="24100">
    <groups>
      <group name="cucumber">
        <method signature="AbstractTestNGCucumberTests.runScenario(io.cucumber.testng.PickleWrapper, io.cucumber.testng.FeatureWrapper)[pri:0, instance:parallelExecution.ParallelRun@4567f35d]" name="runScenario" class="io.cucumber.testng.AbstractTestNGCucumberTests"/>
      </group> <!-- cucumber -->
    </groups>
    <test started-at="2023-09-01T20:49:55Z" name="Surefire test" finished-at="2023-09-01T20:50:19Z" duration-ms="24100">
      <class name="parallelExecution.ParallelRun">
        <test-method is-config="true" signature="setUpClass()[pri:0, instance:parallelExecution.ParallelRun@4567f35d]" started-at="2023-09-01T20:49:55Z" name="setUpClass" finished-at="2023-09-01T20:49:56Z" duration-ms="333" status="PASS">
          <reporter-output>
          </reporter-output>
        </test-method> <!-- setUpClass -->
        <test-method signature="runScenario(io.cucumber.testng.PickleWrapper, io.cucumber.testng.FeatureWrapper)[pri:0, instance:parallelExecution.ParallelRun@4567f35d]" started-at="2023-09-01T20:49:56Z" name="runScenario" description="Runs Cucumber Scenarios" data-provider="scenarios" finished-at="2023-09-01T20:50:00Z" duration-ms="4490" status="PASS">
          <params>
            <param index="0">
              <value>
                <![CDATA["login into crm account"]]>
              </value>
            </param>
            <param index="1">
              <value>
                <![CDATA["Optional[Crm login]"]]>
              </value>
            </param>
          </params>
          <reporter-output>
          </reporter-output>
        </test-method> <!-- runScenario -->
        <test-method signature="runScenario(io.cucumber.testng.PickleWrapper, io.cucumber.testng.FeatureWrapper)[pri:0, instance:parallelExecution.ParallelRun@4567f35d]" started-at="2023-09-01T20:49:56Z" name="runScenario" description="Runs Cucumber Scenarios" data-provider="scenarios" finished-at="2023-09-01T20:50:10Z" duration-ms="14280" status="PASS">
          <params>
            <param index="0">
              <value>
                <![CDATA["test deals page"]]>
              </value>
            </param>
            <param index="1">
              <value>
                <![CDATA["Optional[test afterSignInPage]"]]>
              </value>
            </param>
          </params>
          <reporter-output>
          </reporter-output>
        </test-method> <!-- runScenario -->
        <test-method signature="runScenario(io.cucumber.testng.PickleWrapper, io.cucumber.testng.FeatureWrapper)[pri:0, instance:parallelExecution.ParallelRun@4567f35d]" started-at="2023-09-01T20:49:56Z" name="runScenario" description="Runs Cucumber Scenarios" data-provider="scenarios" finished-at="2023-09-01T20:50:16Z" duration-ms="20670" status="PASS">
          <params>
            <param index="0">
              <value>
                <![CDATA["test contacts page"]]>
              </value>
            </param>
            <param index="1">
              <value>
                <![CDATA["Optional[test afterSignInPage]"]]>
              </value>
            </param>
          </params>
          <reporter-output>
          </reporter-output>
        </test-method> <!-- runScenario -->
        <test-method is-config="true" signature="tearDownClass()[pri:0, instance:parallelExecution.ParallelRun@4567f35d]" started-at="2023-09-01T20:50:16Z" name="tearDownClass" finished-at="2023-09-01T20:50:19Z" duration-ms="3088" status="PASS">
          <reporter-output>
          </reporter-output>
        </test-method> <!-- tearDownClass -->
      </class> <!-- parallelExecution.ParallelRun -->
    </test> <!-- Surefire test -->
  </suite> <!-- Surefire suite -->
</testng-results>
