<?xml version="1.0" encoding="UTF-8"?>
<testsuite xmlns:xsi="http://www.w3.org/2001/XMLSchema-instance" xsi:noNamespaceSchemaLocation="https://maven.apache.org/surefire/maven-surefire-plugin/xsd/surefire-test-report.xsd" name="parallelExecution.ParallelRun" time="23.861" tests="3" errors="0" skipped="0" failures="0">
  <properties>
[...]
</properties>
  <testcase name="runScenario" classname="parallelExecution.ParallelRun" time="4.61"/>
  <testcase name="runScenario" classname="parallelExecution.ParallelRun" time="14.741"/>
  <testcase name="runScenario" classname="parallelExecution.ParallelRun" time="20.737"/>
</testsuite>